<?xml version="1.0" encoding="UTF-8"?>
<!-- Generated by org.testng.reporters.JUnitReportReporter -->
<testsuite hostname="DESKTOP-QFE72QP" failures="0" tests="1" name="org.example.runners.runner" time="14.215" errors="0" timestamp="2022-12-17T14:43:15 EET" skipped="0">
  <testcase classname="org.example.runners.runner" name="runScenario" time="14.215"/>
  <system-out/>
</testsuite> <!-- org.example.runners.runner -->
